d:\uczelnia\projekty\c sem3\07 trzy listy\03 arrfifo\arrfifo\debug\vc141.pdb
d:\uczelnia\projekty\c sem3\07 trzy listy\03 arrfifo\arrfifo\debug\vc141.idb
d:\uczelnia\projekty\c sem3\07 trzy listy\03 arrfifo\arrfifo\debug\kolejkaf.obj
d:\uczelnia\projekty\c sem3\07 trzy listy\03 arrfifo\arrfifo\debug\arrfifo.obj
d:\uczelnia\projekty\c sem3\07 trzy listy\03 arrfifo\debug\arrfifo.pdb
d:\uczelnia\projekty\c sem3\07 trzy listy\03 arrfifo\arrfifo\debug\arrfifo.tlog\cl.command.1.tlog
d:\uczelnia\projekty\c sem3\07 trzy listy\03 arrfifo\arrfifo\debug\arrfifo.tlog\cl.read.1.tlog
d:\uczelnia\projekty\c sem3\07 trzy listy\03 arrfifo\arrfifo\debug\arrfifo.tlog\cl.write.1.tlog
d:\uczelnia\projekty\c sem3\07 trzy listy\03 arrfifo\arrfifo\debug\arrfifo.tlog\link-cvtres.read.1.tlog
d:\uczelnia\projekty\c sem3\07 trzy listy\03 arrfifo\arrfifo\debug\arrfifo.tlog\link-cvtres.write.1.tlog
d:\uczelnia\projekty\c sem3\07 trzy listy\03 arrfifo\arrfifo\debug\arrfifo.tlog\link-rc.read.1.tlog
d:\uczelnia\projekty\c sem3\07 trzy listy\03 arrfifo\arrfifo\debug\arrfifo.tlog\link-rc.write.1.tlog
d:\uczelnia\projekty\c sem3\07 trzy listy\03 arrfifo\arrfifo\debug\arrfifo.tlog\link.4684-cvtres.read.1.tlog
d:\uczelnia\projekty\c sem3\07 trzy listy\03 arrfifo\arrfifo\debug\arrfifo.tlog\link.4684-cvtres.write.1.tlog
d:\uczelnia\projekty\c sem3\07 trzy listy\03 arrfifo\arrfifo\debug\arrfifo.tlog\link.4684-rc.read.1.tlog
d:\uczelnia\projekty\c sem3\07 trzy listy\03 arrfifo\arrfifo\debug\arrfifo.tlog\link.4684-rc.write.1.tlog
d:\uczelnia\projekty\c sem3\07 trzy listy\03 arrfifo\arrfifo\debug\arrfifo.tlog\link.4684.read.1.tlog
d:\uczelnia\projekty\c sem3\07 trzy listy\03 arrfifo\arrfifo\debug\arrfifo.tlog\link.4684.write.1.tlog
d:\uczelnia\projekty\c sem3\07 trzy listy\03 arrfifo\arrfifo\debug\arrfifo.tlog\link.command.1.tlog
d:\uczelnia\projekty\c sem3\07 trzy listy\03 arrfifo\arrfifo\debug\arrfifo.tlog\link.read.1.tlog
d:\uczelnia\projekty\c sem3\07 trzy listy\03 arrfifo\arrfifo\debug\arrfifo.tlog\link.write.1.tlog
