d:\uczelnia\projekty\c sem3\02 prosty kalkulator na stosie z nawiasami\consoleapplication1\debug\consoleapplication1.pch.codeanalysis
d:\uczelnia\projekty\c sem3\02 prosty kalkulator na stosie z nawiasami\consoleapplication1\debug\vc141.pdb
d:\uczelnia\projekty\c sem3\02 prosty kalkulator na stosie z nawiasami\consoleapplication1\debug\vc141.idb
d:\uczelnia\projekty\c sem3\02 prosty kalkulator na stosie z nawiasami\consoleapplication1\debug\consoleapplication1.pch.codeanalysisast
d:\uczelnia\projekty\c sem3\02 prosty kalkulator na stosie z nawiasami\consoleapplication1\debug\stdafx.nativecodeanalysis.xml
d:\uczelnia\projekty\c sem3\02 prosty kalkulator na stosie z nawiasami\consoleapplication1\debug\stdafx.obj
d:\uczelnia\projekty\c sem3\02 prosty kalkulator na stosie z nawiasami\consoleapplication1\debug\consoleapplication1.pch
d:\uczelnia\projekty\c sem3\02 prosty kalkulator na stosie z nawiasami\consoleapplication1\debug\consoleapplication1.nativecodeanalysis.xml
d:\uczelnia\projekty\c sem3\02 prosty kalkulator na stosie z nawiasami\consoleapplication1\debug\cstos.nativecodeanalysis.xml
d:\uczelnia\projekty\c sem3\02 prosty kalkulator na stosie z nawiasami\consoleapplication1\debug\stos.nativecodeanalysis.xml
d:\uczelnia\projekty\c sem3\02 prosty kalkulator na stosie z nawiasami\consoleapplication1\debug\stos.obj
d:\uczelnia\projekty\c sem3\02 prosty kalkulator na stosie z nawiasami\consoleapplication1\debug\cstos.obj
d:\uczelnia\projekty\c sem3\02 prosty kalkulator na stosie z nawiasami\consoleapplication1\debug\consoleapplication1.obj
d:\uczelnia\projekty\c sem3\02 prosty kalkulator na stosie z nawiasami\debug\consoleapplication1.exe
d:\uczelnia\projekty\c sem3\02 prosty kalkulator na stosie z nawiasami\debug\consoleapplication1.ilk
d:\uczelnia\projekty\c sem3\02 prosty kalkulator na stosie z nawiasami\debug\consoleapplication1.pdb
d:\uczelnia\projekty\c sem3\02 prosty kalkulator na stosie z nawiasami\consoleapplication1\debug\consolea.f77c9a33.tlog\cl.command.1.tlog
d:\uczelnia\projekty\c sem3\02 prosty kalkulator na stosie z nawiasami\consoleapplication1\debug\consolea.f77c9a33.tlog\cl.read.1.tlog
d:\uczelnia\projekty\c sem3\02 prosty kalkulator na stosie z nawiasami\consoleapplication1\debug\consolea.f77c9a33.tlog\cl.write.1.tlog
d:\uczelnia\projekty\c sem3\02 prosty kalkulator na stosie z nawiasami\consoleapplication1\debug\consolea.f77c9a33.tlog\link.command.1.tlog
d:\uczelnia\projekty\c sem3\02 prosty kalkulator na stosie z nawiasami\consoleapplication1\debug\consolea.f77c9a33.tlog\link.read.1.tlog
d:\uczelnia\projekty\c sem3\02 prosty kalkulator na stosie z nawiasami\consoleapplication1\debug\consolea.f77c9a33.tlog\link.write.1.tlog
